#
# A fatal error has been detected by the Java Runtime Environment:
#
#  EXCEPTION_ACCESS_VIOLATION (0xc0000005) at pc=0x00007ffdd6af2735, pid=2920, tid=4324
#
# JRE version: Java(TM) SE Runtime Environment (12.0.2+10) (build 12.0.2+10)
# Java VM: Java HotSpot(TM) 64-Bit Server VM (12.0.2+10, mixed mode, sharing, tiered, compressed oops, g1 gc, windows-amd64)
# Problematic frame:
# C  [RLBot_Core_Interface.dll+0x12735]
#
# No core dump will be written. Minidumps are not enabled by default on client versions of Windows
#
# If you would like to submit a bug report, please visit:
#   http://bugreport.java.com/bugreport/crash.jsp
#

---------------  S U M M A R Y ------------

Command Line: -Dfile.encoding=windows-1252 -Duser.country=US -Duser.language=en -Duser.variant rlbotexample.JavaExample

Host: AMD Ryzen 7 3700X 8-Core Processor             , 16 cores, 15G,  Windows 10 , 64 bit Build 18362 (10.0.18362.329)
Time: Wed Sep 11 13:00:39 2019 Eastern Daylight Time elapsed time: 12 seconds (0d 0h 0m 12s)

---------------  T H R E A D  ---------------

Current thread (0x000002456fcb3800):  VMThread "VM Thread" [stack: 0x000000c1aee00000,0x000000c1aef00000] [id=4324]

Stack: [0x000000c1aee00000,0x000000c1aef00000],  sp=0x000000c1aeefeb20,  free space=1018k
Native frames: (J=compiled Java code, j=interpreted, Vv=VM code, C=native code)
C  [RLBot_Core_Interface.dll+0x12735]


siginfo: EXCEPTION_ACCESS_VIOLATION (0xc0000005), reading address 0x0000000000000010


Register to memory mapping:

RIP=0x00007ffdd6af2735 RLBot_Core_Interface.dll
RAX=0x0000000000000001 is an unknown value
RBX=0x0 is NULL
RCX=0x00007ffdd6b0561f RLBot_Core_Interface.dll
RDX=0x0 is NULL
RSP=0x000000c1aeefeb20 points into unknown readable memory: 1f 56 b0 d6 fd 7f 00 00
RBP=0x000000c1aeefee60 points into unknown readable memory: 00 00 00 00 00 00 00 00
RSI=0x0000000000000001 is an unknown value
RDI=0x0 is NULL
R8 =0x0000000000000001 is an unknown value
R9 =0x00007ffe060dfac0 ntdll.dll
R10=0x000000007ffe0384 points into unknown readable memory: 00 00 00 00
R11=0x000000c1aeefeb80 points into unknown readable memory: 42 54 b0 d6 fd 7f 00 00
R12=0x00007ffdd6af5b28 RLBot_Core_Interface.dll
R13=0x000000c1afafeb50 is pointing into the stack for thread: 0x00000245706f4000
R14=0x00007ffdd6ae0000 RLBot_Core_Interface.dll
R15=0x0000000000000001 is an unknown value


Registers:
RAX=0x0000000000000001, RBX=0x0000000000000000, RCX=0x00007ffdd6b0561f, RDX=0x0000000000000000
RSP=0x000000c1aeefeb20, RBP=0x000000c1aeefee60, RSI=0x0000000000000001, RDI=0x0000000000000000
R8 =0x0000000000000001, R9 =0x00007ffe060dfac0, R10=0x000000007ffe0384, R11=0x000000c1aeefeb80
R12=0x00007ffdd6af5b28, R13=0x000000c1afafeb50, R14=0x00007ffdd6ae0000, R15=0x0000000000000001
RIP=0x00007ffdd6af2735, EFLAGS=0x0000000000010206

Top of Stack: (sp=0x000000c1aeefeb20)
0x000000c1aeefeb20:   00007ffdd6b0561f 0000000000000000
0x000000c1aeefeb30:   00007ffdd6b051f7 00000015060935e0
0x000000c1aeefeb40:   0000000000000000 00007ffdd6ae221c
0x000000c1aeefeb50:   00007ffdd6b051f7 00007ffe03e61edb
0x000000c1aeefeb60:   00007ffdd6b05442 00007ffda73151c0
0x000000c1aeefeb70:   0000fe6677e29e49 00007ffdd6ae42a7
0x000000c1aeefeb80:   00007ffdd6b05442 000002454b776f10
0x000000c1aeefeb90:   00007ffe061a6120 00007ffda73151c0
0x000000c1aeefeba0:   000002454b805580 00007ffe06065013
0x000000c1aeefebb0:   000000007ffe0385 00007ffdd6af5a83
0x000000c1aeefebc0:   0000000000000001 0000000000000000
0x000000c1aeefebd0:   0000000000000000 00007ffe038d0000
0x000000c1aeefebe0:   00000245495df398 00007ffe038df87b
0x000000c1aeefebf0:   000002454b82ca30 0000000000000015
0x000000c1aeefec00:   00007ffdd6ae0000 000000007ffe0384
0x000000c1aeefec10:   0000000000000000 00007ffe060650a1 

Instructions: (pc=0x00007ffdd6af2735)
0x00007ffdd6af2635:   00 00 32 c0 e9 cc 00 00 00 e8 69 31 00 00 b9 05
0x00007ffdd6af2645:   00 00 00 e8 b3 c4 ff ff 48 8b f0 b9 06 00 00 00
0x00007ffdd6af2655:   e8 a6 c4 ff ff 48 8b d8 66 44 89 b4 24 48 01 00
0x00007ffdd6af2665:   00 c7 84 24 90 00 00 00 00 00 02 00 48 8d 84 24
0x00007ffdd6af2675:   48 01 00 00 48 89 84 24 98 00 00 00 b8 30 00 00
0x00007ffdd6af2685:   00 89 84 24 b0 00 00 00 48 89 bc 24 b8 00 00 00
0x00007ffdd6af2695:   44 89 b4 24 c8 00 00 00 48 8d 84 24 90 00 00 00
0x00007ffdd6af26a5:   48 89 84 24 c0 00 00 00 0f 57 c0 f3 0f 7f 84 24
0x00007ffdd6af26b5:   d0 00 00 00 4c 89 b4 24 88 00 00 00 c7 44 24 28
0x00007ffdd6af26c5:   00 10 00 00 c7 44 24 20 07 00 00 00 4c 8d 8c 24
0x00007ffdd6af26d5:   f0 00 00 00 4c 8d 84 24 b0 00 00 00 ba 00 00 01
0x00007ffdd6af26e5:   00 48 8d 8c 24 88 00 00 00 ff d6 48 8b 8c 24 88
0x00007ffdd6af26f5:   00 00 00 ff d3 90 48 8b cf ff 15 34 5a 00 00 b0
0x00007ffdd6af2705:   01 eb 02 32 c0 48 81 c4 00 01 00 00 41 5f 41 5e
0x00007ffdd6af2715:   41 5d 41 5c 5f 5e 5b c3 cc cc cc 40 53 48 83 ec
0x00007ffdd6af2725:   20 48 8b d9 48 8d 0d ef 2e 01 00 e8 7f 30 00 00
0x00007ffdd6af2735:   80 7b 10 00 74 0d 48 8b 4b 08 e8 0c 00 00 00 c6
0x00007ffdd6af2745:   43 10 00 48 83 c4 20 5b c3 cc cc 40 53 48 83 ec
0x00007ffdd6af2755:   40 48 c7 44 24 20 fe ff ff ff 48 8b d9 48 8d 0d
0x00007ffdd6af2765:   b4 2e 01 00 e8 46 30 00 00 48 8b 1b 48 8d 4b 0c
0x00007ffdd6af2775:   48 89 4c 24 28 e8 71 78 ff ff c6 44 24 30 01 8b
0x00007ffdd6af2785:   4b 08 8b c1 d1 e8 8d 04 45 fe ff ff ff 83 e1 01
0x00007ffdd6af2795:   0b c1 89 43 08 8b c8 d1 e9 83 f8 02 73 0b 48 8d
0x00007ffdd6af27a5:   4b 1c ba 01 00 00 00 eb 11 81 f9 fe ff ff 7f 75
0x00007ffdd6af27b5:   0f 48 8d 4b 10 ba 02 00 00 00 e8 ac db ff ff 90
0x00007ffdd6af27c5:   48 8d 4c 24 28 e8 01 95 ff ff 48 83 c4 40 5b c3
0x00007ffdd6af27d5:   cc cc cc cc cc cc cc cc cc cc cc 40 53 48 83 ec
0x00007ffdd6af27e5:   30 48 c7 44 24 20 fe ff ff ff 48 8b d9 48 8d 0d
0x00007ffdd6af27f5:   b7 2d 01 00 e8 b6 2f 00 00 90 48 8b 4b 08 48 8d
0x00007ffdd6af2805:   05 46 7a 00 00 48 85 c9 48 0f 45 c1 48 83 c4 30
0x00007ffdd6af2815:   5b c3 cc cc cc cc cc cc cc cc cc 40 53 48 83 ec
0x00007ffdd6af2825:   20 48 8b d9 48 8d 0d a4 2d 01 00 e8 7f 2f 00 00 


Stack slot to memory mapping:
stack at sp + 0 slots: 0x00007ffdd6b0561f RLBot_Core_Interface.dll
stack at sp + 1 slots: 0x0 is NULL
stack at sp + 2 slots: 0x00007ffdd6b051f7 RLBot_Core_Interface.dll
stack at sp + 3 slots: 0x00000015060935e0 is an unknown value
stack at sp + 4 slots: 0x0 is NULL
stack at sp + 5 slots: 0x00007ffdd6ae221c RLBot_Core_Interface.dll
stack at sp + 6 slots: 0x00007ffdd6b051f7 RLBot_Core_Interface.dll
stack at sp + 7 slots: 0x00007ffe03e61edb KERNELBASE.dll

VM_Operation (0x000000c1afafeb50): Exit, mode: safepoint, requested by thread 0x00000245706f4000


---------------  P R O C E S S  ---------------

Threads class SMR info:
_java_thread_list=0x000002457b4bcb40, length=16, elements={
0x000002456fcb6000, 0x000002456fcb7800, 0x0000024570556800, 0x0000024570559000,
0x000002457055c000, 0x0000024570561000, 0x000002457056a800, 0x00000245706be800,
0x00000245706f2000, 0x00000245706f1800, 0x00000245706f4000, 0x00000245706f4800,
0x00000245706f5800, 0x00000245706f0800, 0x00000245706f3000, 0x000002457b4b0800
}

Java Threads: ( => current thread )
  0x000002456fcb6000 JavaThread "Reference Handler" daemon [_thread_blocked, id=16048, stack(0x000000c1aef00000,0x000000c1af000000)]
  0x000002456fcb7800 JavaThread "Finalizer" daemon [_thread_blocked, id=4152, stack(0x000000c1af000000,0x000000c1af100000)]
  0x0000024570556800 JavaThread "Signal Dispatcher" daemon [_thread_blocked, id=20372, stack(0x000000c1af100000,0x000000c1af200000)]
  0x0000024570559000 JavaThread "Attach Listener" daemon [_thread_blocked, id=1784, stack(0x000000c1af200000,0x000000c1af300000)]
  0x000002457055c000 JavaThread "C2 CompilerThread0" daemon [_thread_blocked, id=7776, stack(0x000000c1af300000,0x000000c1af400000)]
  0x0000024570561000 JavaThread "C1 CompilerThread0" daemon [_thread_blocked, id=15792, stack(0x000000c1af400000,0x000000c1af500000)]
  0x000002457056a800 JavaThread "Sweeper thread" daemon [_thread_blocked, id=8908, stack(0x000000c1af500000,0x000000c1af600000)]
  0x00000245706be800 JavaThread "C1 CompilerThread1" daemon [_thread_blocked, id=18836, stack(0x000000c1af600000,0x000000c1af700000)]
  0x00000245706f2000 JavaThread "Service Thread" daemon [_thread_blocked, id=1644, stack(0x000000c1af700000,0x000000c1af800000)]
  0x00000245706f1800 JavaThread "Common-Cleaner" daemon [_thread_blocked, id=10668, stack(0x000000c1af900000,0x000000c1afa00000)]
  0x00000245706f4000 JavaThread "Thread-0" [_thread_blocked, id=18772, stack(0x000000c1afa00000,0x000000c1afb00000)]
  0x00000245706f4800 JavaThread "Java2D Disposer" daemon [_thread_blocked, id=14404, stack(0x000000c1afb00000,0x000000c1afc00000)]
  0x00000245706f5800 JavaThread "AWT-Shutdown" [_thread_blocked, id=7048, stack(0x000000c1afc00000,0x000000c1afd00000)]
  0x00000245706f0800 JavaThread "AWT-EventQueue-0" [_thread_blocked, id=20160, stack(0x000000c1b0300000,0x000000c1b0400000)]
  0x00000245706f3000 JavaThread "TimerQueue" daemon [_thread_blocked, id=18612, stack(0x000000c1b0400000,0x000000c1b0500000)]
  0x000002457b4b0800 JavaThread "DestroyJavaVM" [_thread_blocked, id=15276, stack(0x000000c1ae800000,0x000000c1ae900000)]

Other Threads:
=>0x000002456fcb3800 VMThread "VM Thread" [stack: 0x000000c1aee00000,0x000000c1aef00000] [id=4324]
  0x000002454b7df800 GCTaskThread "GC Thread#0" [stack: 0x000000c1ae900000,0x000000c1aea00000] [id=10540]
  0x000002454b7fb000 ConcurrentGCThread "G1 Main Marker" [stack: 0x000000c1aea00000,0x000000c1aeb00000] [id=10984]
  0x000002454b7ff000 ConcurrentGCThread "G1 Conc#0" [stack: 0x000000c1aeb00000,0x000000c1aec00000] [id=13900]
  0x000002456fbad800 ConcurrentGCThread "G1 Refine#0" [stack: 0x000000c1aec00000,0x000000c1aed00000] [id=5808]
  0x000002456fbae800 ConcurrentGCThread "G1 Young RemSet Sampling" [stack: 0x000000c1aed00000,0x000000c1aee00000] [id=19008]

Threads with active compile tasks:

VM state:at safepoint (shutting down)

VM Mutex/Monitor currently owned by a thread:  ([mutex/lock_event])
[0x000002454b773a00] Threads_lock - owner thread: 0x000002456fcb3800

Heap address: 0x0000000701600000, size: 4074 MB, Compressed Oops mode: Zero based, Oop shift amount: 3
Narrow klass base: 0x0000000800000000, Narrow klass shift: 3
Compressed class space size: 1073741824 Address: 0x0000000801190000

Heap:
 garbage-first heap   total 262144K, used 13312K [0x0000000701600000, 0x0000000800000000)
  region size 1024K, 15 young (15360K), 0 survivors (0K)
 Metaspace       used 8940K, capacity 9321K, committed 9472K, reserved 1056768K
  class space    used 1007K, capacity 1164K, committed 1280K, reserved 1048576K
Heap Regions: E=young(eden), S=young(survivor), O=old, HS=humongous(starts), HC=humongous(continues), CS=collection set, F=free, A=archive, TAMS=top-at-mark-start (previous, next)
|   0|0x0000000701600000, 0x0000000701600000, 0x0000000701700000|  0%| F|  |TAMS 0x0000000701600000, 0x0000000701600000| Untracked 
|   1|0x0000000701700000, 0x0000000701700000, 0x0000000701800000|  0%| F|  |TAMS 0x0000000701700000, 0x0000000701700000| Untracked 
|   2|0x0000000701800000, 0x0000000701800000, 0x0000000701900000|  0%| F|  |TAMS 0x0000000701800000, 0x0000000701800000| Untracked 
|   3|0x0000000701900000, 0x0000000701900000, 0x0000000701a00000|  0%| F|  |TAMS 0x0000000701900000, 0x0000000701900000| Untracked 
|   4|0x0000000701a00000, 0x0000000701a00000, 0x0000000701b00000|  0%| F|  |TAMS 0x0000000701a00000, 0x0000000701a00000| Untracked 
|   5|0x0000000701b00000, 0x0000000701b00000, 0x0000000701c00000|  0%| F|  |TAMS 0x0000000701b00000, 0x0000000701b00000| Untracked 
|   6|0x0000000701c00000, 0x0000000701c00000, 0x0000000701d00000|  0%| F|  |TAMS 0x0000000701c00000, 0x0000000701c00000| Untracked 
|   7|0x0000000701d00000, 0x0000000701d00000, 0x0000000701e00000|  0%| F|  |TAMS 0x0000000701d00000, 0x0000000701d00000| Untracked 
|   8|0x0000000701e00000, 0x0000000701e00000, 0x0000000701f00000|  0%| F|  |TAMS 0x0000000701e00000, 0x0000000701e00000| Untracked 
|   9|0x0000000701f00000, 0x0000000701f00000, 0x0000000702000000|  0%| F|  |TAMS 0x0000000701f00000, 0x0000000701f00000| Untracked 
|  10|0x0000000702000000, 0x0000000702000000, 0x0000000702100000|  0%| F|  |TAMS 0x0000000702000000, 0x0000000702000000| Untracked 
|  11|0x0000000702100000, 0x0000000702100000, 0x0000000702200000|  0%| F|  |TAMS 0x0000000702100000, 0x0000000702100000| Untracked 
|  12|0x0000000702200000, 0x0000000702200000, 0x0000000702300000|  0%| F|  |TAMS 0x0000000702200000, 0x0000000702200000| Untracked 
|  13|0x0000000702300000, 0x0000000702300000, 0x0000000702400000|  0%| F|  |TAMS 0x0000000702300000, 0x0000000702300000| Untracked 
|  14|0x0000000702400000, 0x0000000702400000, 0x0000000702500000|  0%| F|  |TAMS 0x0000000702400000, 0x0000000702400000| Untracked 
|  15|0x0000000702500000, 0x0000000702500000, 0x0000000702600000|  0%| F|  |TAMS 0x0000000702500000, 0x0000000702500000| Untracked 
|  16|0x0000000702600000, 0x0000000702600000, 0x0000000702700000|  0%| F|  |TAMS 0x0000000702600000, 0x0000000702600000| Untracked 
|  17|0x0000000702700000, 0x0000000702700000, 0x0000000702800000|  0%| F|  |TAMS 0x0000000702700000, 0x0000000702700000| Untracked 
|  18|0x0000000702800000, 0x0000000702800000, 0x0000000702900000|  0%| F|  |TAMS 0x0000000702800000, 0x0000000702800000| Untracked 
|  19|0x0000000702900000, 0x0000000702900000, 0x0000000702a00000|  0%| F|  |TAMS 0x0000000702900000, 0x0000000702900000| Untracked 
|  20|0x0000000702a00000, 0x0000000702a00000, 0x0000000702b00000|  0%| F|  |TAMS 0x0000000702a00000, 0x0000000702a00000| Untracked 
|  21|0x0000000702b00000, 0x0000000702b00000, 0x0000000702c00000|  0%| F|  |TAMS 0x0000000702b00000, 0x0000000702b00000| Untracked 
|  22|0x0000000702c00000, 0x0000000702c00000, 0x0000000702d00000|  0%| F|  |TAMS 0x0000000702c00000, 0x0000000702c00000| Untracked 
|  23|0x0000000702d00000, 0x0000000702d00000, 0x0000000702e00000|  0%| F|  |TAMS 0x0000000702d00000, 0x0000000702d00000| Untracked 
|  24|0x0000000702e00000, 0x0000000702e00000, 0x0000000702f00000|  0%| F|  |TAMS 0x0000000702e00000, 0x0000000702e00000| Untracked 
|  25|0x0000000702f00000, 0x0000000702f00000, 0x0000000703000000|  0%| F|  |TAMS 0x0000000702f00000, 0x0000000702f00000| Untracked 
|  26|0x0000000703000000, 0x0000000703000000, 0x0000000703100000|  0%| F|  |TAMS 0x0000000703000000, 0x0000000703000000| Untracked 
|  27|0x0000000703100000, 0x0000000703100000, 0x0000000703200000|  0%| F|  |TAMS 0x0000000703100000, 0x0000000703100000| Untracked 
|  28|0x0000000703200000, 0x0000000703200000, 0x0000000703300000|  0%| F|  |TAMS 0x0000000703200000, 0x0000000703200000| Untracked 
|  29|0x0000000703300000, 0x0000000703300000, 0x0000000703400000|  0%| F|  |TAMS 0x0000000703300000, 0x0000000703300000| Untracked 
|  30|0x0000000703400000, 0x0000000703400000, 0x0000000703500000|  0%| F|  |TAMS 0x0000000703400000, 0x0000000703400000| Untracked 
|  31|0x0000000703500000, 0x0000000703500000, 0x0000000703600000|  0%| F|  |TAMS 0x0000000703500000, 0x0000000703500000| Untracked 
|  32|0x0000000703600000, 0x0000000703600000, 0x0000000703700000|  0%| F|  |TAMS 0x0000000703600000, 0x0000000703600000| Untracked 
|  33|0x0000000703700000, 0x0000000703700000, 0x0000000703800000|  0%| F|  |TAMS 0x0000000703700000, 0x0000000703700000| Untracked 
|  34|0x0000000703800000, 0x0000000703800000, 0x0000000703900000|  0%| F|  |TAMS 0x0000000703800000, 0x0000000703800000| Untracked 
|  35|0x0000000703900000, 0x0000000703900000, 0x0000000703a00000|  0%| F|  |TAMS 0x0000000703900000, 0x0000000703900000| Untracked 
|  36|0x0000000703a00000, 0x0000000703a00000, 0x0000000703b00000|  0%| F|  |TAMS 0x0000000703a00000, 0x0000000703a00000| Untracked 
|  37|0x0000000703b00000, 0x0000000703b00000, 0x0000000703c00000|  0%| F|  |TAMS 0x0000000703b00000, 0x0000000703b00000| Untracked 
|  38|0x0000000703c00000, 0x0000000703c00000, 0x0000000703d00000|  0%| F|  |TAMS 0x0000000703c00000, 0x0000000703c00000| Untracked 
|  39|0x0000000703d00000, 0x0000000703d00000, 0x0000000703e00000|  0%| F|  |TAMS 0x0000000703d00000, 0x0000000703d00000| Untracked 
|  40|0x0000000703e00000, 0x0000000703e00000, 0x0000000703f00000|  0%| F|  |TAMS 0x0000000703e00000, 0x0000000703e00000| Untracked 
|  41|0x0000000703f00000, 0x0000000703f00000, 0x0000000704000000|  0%| F|  |TAMS 0x0000000703f00000, 0x0000000703f00000| Untracked 
|  42|0x0000000704000000, 0x0000000704000000, 0x0000000704100000|  0%| F|  |TAMS 0x0000000704000000, 0x0000000704000000| Untracked 
|  43|0x0000000704100000, 0x0000000704100000, 0x0000000704200000|  0%| F|  |TAMS 0x0000000704100000, 0x0000000704100000| Untracked 
|  44|0x0000000704200000, 0x0000000704200000, 0x0000000704300000|  0%| F|  |TAMS 0x0000000704200000, 0x0000000704200000| Untracked 
|  45|0x0000000704300000, 0x0000000704300000, 0x0000000704400000|  0%| F|  |TAMS 0x0000000704300000, 0x0000000704300000| Untracked 
|  46|0x0000000704400000, 0x0000000704400000, 0x0000000704500000|  0%| F|  |TAMS 0x0000000704400000, 0x0000000704400000| Untracked 
|  47|0x0000000704500000, 0x0000000704500000, 0x0000000704600000|  0%| F|  |TAMS 0x0000000704500000, 0x0000000704500000| Untracked 
|  48|0x0000000704600000, 0x0000000704600000, 0x0000000704700000|  0%| F|  |TAMS 0x0000000704600000, 0x0000000704600000| Untracked 
|  49|0x0000000704700000, 0x0000000704700000, 0x0000000704800000|  0%| F|  |TAMS 0x0000000704700000, 0x0000000704700000| Untracked 
|  50|0x0000000704800000, 0x0000000704800000, 0x0000000704900000|  0%| F|  |TAMS 0x0000000704800000, 0x0000000704800000| Untracked 
|  51|0x0000000704900000, 0x0000000704900000, 0x0000000704a00000|  0%| F|  |TAMS 0x0000000704900000, 0x0000000704900000| Untracked 
|  52|0x0000000704a00000, 0x0000000704a00000, 0x0000000704b00000|  0%| F|  |TAMS 0x0000000704a00000, 0x0000000704a00000| Untracked 
|  53|0x0000000704b00000, 0x0000000704b00000, 0x0000000704c00000|  0%| F|  |TAMS 0x0000000704b00000, 0x0000000704b00000| Untracked 
|  54|0x0000000704c00000, 0x0000000704c00000, 0x0000000704d00000|  0%| F|  |TAMS 0x0000000704c00000, 0x0000000704c00000| Untracked 
|  55|0x0000000704d00000, 0x0000000704d00000, 0x0000000704e00000|  0%| F|  |TAMS 0x0000000704d00000, 0x0000000704d00000| Untracked 
|  56|0x0000000704e00000, 0x0000000704e00000, 0x0000000704f00000|  0%| F|  |TAMS 0x0000000704e00000, 0x0000000704e00000| Untracked 
|  57|0x0000000704f00000, 0x0000000704f00000, 0x0000000705000000|  0%| F|  |TAMS 0x0000000704f00000, 0x0000000704f00000| Untracked 
|  58|0x0000000705000000, 0x0000000705000000, 0x0000000705100000|  0%| F|  |TAMS 0x0000000705000000, 0x0000000705000000| Untracked 
|  59|0x0000000705100000, 0x0000000705100000, 0x0000000705200000|  0%| F|  |TAMS 0x0000000705100000, 0x0000000705100000| Untracked 
|  60|0x0000000705200000, 0x0000000705200000, 0x0000000705300000|  0%| F|  |TAMS 0x0000000705200000, 0x0000000705200000| Untracked 
|  61|0x0000000705300000, 0x0000000705300000, 0x0000000705400000|  0%| F|  |TAMS 0x0000000705300000, 0x0000000705300000| Untracked 
|  62|0x0000000705400000, 0x0000000705400000, 0x0000000705500000|  0%| F|  |TAMS 0x0000000705400000, 0x0000000705400000| Untracked 
|  63|0x0000000705500000, 0x0000000705500000, 0x0000000705600000|  0%| F|  |TAMS 0x0000000705500000, 0x0000000705500000| Untracked 
|  64|0x0000000705600000, 0x0000000705600000, 0x0000000705700000|  0%| F|  |TAMS 0x0000000705600000, 0x0000000705600000| Untracked 
|  65|0x0000000705700000, 0x0000000705700000, 0x0000000705800000|  0%| F|  |TAMS 0x0000000705700000, 0x0000000705700000| Untracked 
|  66|0x0000000705800000, 0x0000000705800000, 0x0000000705900000|  0%| F|  |TAMS 0x0000000705800000, 0x0000000705800000| Untracked 
|  67|0x0000000705900000, 0x0000000705900000, 0x0000000705a00000|  0%| F|  |TAMS 0x0000000705900000, 0x0000000705900000| Untracked 
|  68|0x0000000705a00000, 0x0000000705a00000, 0x0000000705b00000|  0%| F|  |TAMS 0x0000000705a00000, 0x0000000705a00000| Untracked 
|  69|0x0000000705b00000, 0x0000000705b00000, 0x0000000705c00000|  0%| F|  |TAMS 0x0000000705b00000, 0x0000000705b00000| Untracked 
|  70|0x0000000705c00000, 0x0000000705c00000, 0x0000000705d00000|  0%| F|  |TAMS 0x0000000705c00000, 0x0000000705c00000| Untracked 
|  71|0x0000000705d00000, 0x0000000705d00000, 0x0000000705e00000|  0%| F|  |TAMS 0x0000000705d00000, 0x0000000705d00000| Untracked 
|  72|0x0000000705e00000, 0x0000000705e00000, 0x0000000705f00000|  0%| F|  |TAMS 0x0000000705e00000, 0x0000000705e00000| Untracked 
|  73|0x0000000705f00000, 0x0000000705f00000, 0x0000000706000000|  0%| F|  |TAMS 0x0000000705f00000, 0x0000000705f00000| Untracked 
|  74|0x0000000706000000, 0x0000000706000000, 0x0000000706100000|  0%| F|  |TAMS 0x0000000706000000, 0x0000000706000000| Untracked 
|  75|0x0000000706100000, 0x0000000706100000, 0x0000000706200000|  0%| F|  |TAMS 0x0000000706100000, 0x0000000706100000| Untracked 
|  76|0x0000000706200000, 0x0000000706200000, 0x0000000706300000|  0%| F|  |TAMS 0x0000000706200000, 0x0000000706200000| Untracked 
|  77|0x0000000706300000, 0x0000000706300000, 0x0000000706400000|  0%| F|  |TAMS 0x0000000706300000, 0x0000000706300000| Untracked 
|  78|0x0000000706400000, 0x0000000706400000, 0x0000000706500000|  0%| F|  |TAMS 0x0000000706400000, 0x0000000706400000| Untracked 
|  79|0x0000000706500000, 0x0000000706500000, 0x0000000706600000|  0%| F|  |TAMS 0x0000000706500000, 0x0000000706500000| Untracked 
|  80|0x0000000706600000, 0x0000000706600000, 0x0000000706700000|  0%| F|  |TAMS 0x0000000706600000, 0x0000000706600000| Untracked 
|  81|0x0000000706700000, 0x0000000706700000, 0x0000000706800000|  0%| F|  |TAMS 0x0000000706700000, 0x0000000706700000| Untracked 
|  82|0x0000000706800000, 0x0000000706800000, 0x0000000706900000|  0%| F|  |TAMS 0x0000000706800000, 0x0000000706800000| Untracked 
|  83|0x0000000706900000, 0x0000000706900000, 0x0000000706a00000|  0%| F|  |TAMS 0x0000000706900000, 0x0000000706900000| Untracked 
|  84|0x0000000706a00000, 0x0000000706a00000, 0x0000000706b00000|  0%| F|  |TAMS 0x0000000706a00000, 0x0000000706a00000| Untracked 
|  85|0x0000000706b00000, 0x0000000706b00000, 0x0000000706c00000|  0%| F|  |TAMS 0x0000000706b00000, 0x0000000706b00000| Untracked 
|  86|0x0000000706c00000, 0x0000000706c00000, 0x0000000706d00000|  0%| F|  |TAMS 0x0000000706c00000, 0x0000000706c00000| Untracked 
|  87|0x0000000706d00000, 0x0000000706d00000, 0x0000000706e00000|  0%| F|  |TAMS 0x0000000706d00000, 0x0000000706d00000| Untracked 
|  88|0x0000000706e00000, 0x0000000706e00000, 0x0000000706f00000|  0%| F|  |TAMS 0x0000000706e00000, 0x0000000706e00000| Untracked 
|  89|0x0000000706f00000, 0x0000000706f00000, 0x0000000707000000|  0%| F|  |TAMS 0x0000000706f00000, 0x0000000706f00000| Untracked 
|  90|0x0000000707000000, 0x0000000707000000, 0x0000000707100000|  0%| F|  |TAMS 0x0000000707000000, 0x0000000707000000| Untracked 
|  91|0x0000000707100000, 0x0000000707100000, 0x0000000707200000|  0%| F|  |TAMS 0x0000000707100000, 0x0000000707100000| Untracked 
|  92|0x0000000707200000, 0x0000000707200000, 0x0000000707300000|  0%| F|  |TAMS 0x0000000707200000, 0x0000000707200000| Untracked 
|  93|0x0000000707300000, 0x0000000707300000, 0x0000000707400000|  0%| F|  |TAMS 0x0000000707300000, 0x0000000707300000| Untracked 
|  94|0x0000000707400000, 0x0000000707400000, 0x0000000707500000|  0%| F|  |TAMS 0x0000000707400000, 0x0000000707400000| Untracked 
|  95|0x0000000707500000, 0x0000000707500000, 0x0000000707600000|  0%| F|  |TAMS 0x0000000707500000, 0x0000000707500000| Untracked 
|  96|0x0000000707600000, 0x0000000707600000, 0x0000000707700000|  0%| F|  |TAMS 0x0000000707600000, 0x0000000707600000| Untracked 
|  97|0x0000000707700000, 0x0000000707700000, 0x0000000707800000|  0%| F|  |TAMS 0x0000000707700000, 0x0000000707700000| Untracked 
|  98|0x0000000707800000, 0x0000000707800000, 0x0000000707900000|  0%| F|  |TAMS 0x0000000707800000, 0x0000000707800000| Untracked 
|  99|0x0000000707900000, 0x0000000707900000, 0x0000000707a00000|  0%| F|  |TAMS 0x0000000707900000, 0x0000000707900000| Untracked 
| 100|0x0000000707a00000, 0x0000000707a00000, 0x0000000707b00000|  0%| F|  |TAMS 0x0000000707a00000, 0x0000000707a00000| Untracked 
| 101|0x0000000707b00000, 0x0000000707b00000, 0x0000000707c00000|  0%| F|  |TAMS 0x0000000707b00000, 0x0000000707b00000| Untracked 
| 102|0x0000000707c00000, 0x0000000707c00000, 0x0000000707d00000|  0%| F|  |TAMS 0x0000000707c00000, 0x0000000707c00000| Untracked 
| 103|0x0000000707d00000, 0x0000000707d00000, 0x0000000707e00000|  0%| F|  |TAMS 0x0000000707d00000, 0x0000000707d00000| Untracked 
| 104|0x0000000707e00000, 0x0000000707e00000, 0x0000000707f00000|  0%| F|  |TAMS 0x0000000707e00000, 0x0000000707e00000| Untracked 
| 105|0x0000000707f00000, 0x0000000707f00000, 0x0000000708000000|  0%| F|  |TAMS 0x0000000707f00000, 0x0000000707f00000| Untracked 
| 106|0x0000000708000000, 0x0000000708000000, 0x0000000708100000|  0%| F|  |TAMS 0x0000000708000000, 0x0000000708000000| Untracked 
| 107|0x0000000708100000, 0x0000000708100000, 0x0000000708200000|  0%| F|  |TAMS 0x0000000708100000, 0x0000000708100000| Untracked 
| 108|0x0000000708200000, 0x0000000708200000, 0x0000000708300000|  0%| F|  |TAMS 0x0000000708200000, 0x0000000708200000| Untracked 
| 109|0x0000000708300000, 0x0000000708300000, 0x0000000708400000|  0%| F|  |TAMS 0x0000000708300000, 0x0000000708300000| Untracked 
| 110|0x0000000708400000, 0x0000000708400000, 0x0000000708500000|  0%| F|  |TAMS 0x0000000708400000, 0x0000000708400000| Untracked 
| 111|0x0000000708500000, 0x0000000708500000, 0x0000000708600000|  0%| F|  |TAMS 0x0000000708500000, 0x0000000708500000| Untracked 
| 112|0x0000000708600000, 0x0000000708600000, 0x0000000708700000|  0%| F|  |TAMS 0x0000000708600000, 0x0000000708600000| Untracked 
| 113|0x0000000708700000, 0x0000000708700000, 0x0000000708800000|  0%| F|  |TAMS 0x0000000708700000, 0x0000000708700000| Untracked 
| 114|0x0000000708800000, 0x0000000708800000, 0x0000000708900000|  0%| F|  |TAMS 0x0000000708800000, 0x0000000708800000| Untracked 
| 115|0x0000000708900000, 0x0000000708900000, 0x0000000708a00000|  0%| F|  |TAMS 0x0000000708900000, 0x0000000708900000| Untracked 
| 116|0x0000000708a00000, 0x0000000708a00000, 0x0000000708b00000|  0%| F|  |TAMS 0x0000000708a00000, 0x0000000708a00000| Untracked 
| 117|0x0000000708b00000, 0x0000000708b00000, 0x0000000708c00000|  0%| F|  |TAMS 0x0000000708b00000, 0x0000000708b00000| Untracked 
| 118|0x0000000708c00000, 0x0000000708c00000, 0x0000000708d00000|  0%| F|  |TAMS 0x0000000708c00000, 0x0000000708c00000| Untracked 
| 119|0x0000000708d00000, 0x0000000708d00000, 0x0000000708e00000|  0%| F|  |TAMS 0x0000000708d00000, 0x0000000708d00000| Untracked 
| 120|0x0000000708e00000, 0x0000000708e00000, 0x0000000708f00000|  0%| F|  |TAMS 0x0000000708e00000, 0x0000000708e00000| Untracked 
| 121|0x0000000708f00000, 0x0000000708f00000, 0x0000000709000000|  0%| F|  |TAMS 0x0000000708f00000, 0x0000000708f00000| Untracked 
| 122|0x0000000709000000, 0x0000000709000000, 0x0000000709100000|  0%| F|  |TAMS 0x0000000709000000, 0x0000000709000000| Untracked 
| 123|0x0000000709100000, 0x0000000709100000, 0x0000000709200000|  0%| F|  |TAMS 0x0000000709100000, 0x0000000709100000| Untracked 
| 124|0x0000000709200000, 0x0000000709200000, 0x0000000709300000|  0%| F|  |TAMS 0x0000000709200000, 0x0000000709200000| Untracked 
| 125|0x0000000709300000, 0x0000000709300000, 0x0000000709400000|  0%| F|  |TAMS 0x0000000709300000, 0x0000000709300000| Untracked 
| 126|0x0000000709400000, 0x0000000709400000, 0x0000000709500000|  0%| F|  |TAMS 0x0000000709400000, 0x0000000709400000| Untracked 
| 127|0x0000000709500000, 0x0000000709500000, 0x0000000709600000|  0%| F|  |TAMS 0x0000000709500000, 0x0000000709500000| Untracked 
| 128|0x0000000709600000, 0x0000000709600000, 0x0000000709700000|  0%| F|  |TAMS 0x0000000709600000, 0x0000000709600000| Untracked 
| 129|0x0000000709700000, 0x0000000709700000, 0x0000000709800000|  0%| F|  |TAMS 0x0000000709700000, 0x0000000709700000| Untracked 
| 130|0x0000000709800000, 0x0000000709800000, 0x0000000709900000|  0%| F|  |TAMS 0x0000000709800000, 0x0000000709800000| Untracked 
| 131|0x0000000709900000, 0x0000000709900000, 0x0000000709a00000|  0%| F|  |TAMS 0x0000000709900000, 0x0000000709900000| Untracked 
| 132|0x0000000709a00000, 0x0000000709a00000, 0x0000000709b00000|  0%| F|  |TAMS 0x0000000709a00000, 0x0000000709a00000| Untracked 
| 133|0x0000000709b00000, 0x0000000709b00000, 0x0000000709c00000|  0%| F|  |TAMS 0x0000000709b00000, 0x0000000709b00000| Untracked 
| 134|0x0000000709c00000, 0x0000000709c00000, 0x0000000709d00000|  0%| F|  |TAMS 0x0000000709c00000, 0x0000000709c00000| Untracked 
| 135|0x0000000709d00000, 0x0000000709d00000, 0x0000000709e00000|  0%| F|  |TAMS 0x0000000709d00000, 0x0000000709d00000| Untracked 
| 136|0x0000000709e00000, 0x0000000709e00000, 0x0000000709f00000|  0%| F|  |TAMS 0x0000000709e00000, 0x0000000709e00000| Untracked 
| 137|0x0000000709f00000, 0x0000000709f00000, 0x000000070a000000|  0%| F|  |TAMS 0x0000000709f00000, 0x0000000709f00000| Untracked 
| 138|0x000000070a000000, 0x000000070a000000, 0x000000070a100000|  0%| F|  |TAMS 0x000000070a000000, 0x000000070a000000| Untracked 
| 139|0x000000070a100000, 0x000000070a100000, 0x000000070a200000|  0%| F|  |TAMS 0x000000070a100000, 0x000000070a100000| Untracked 
| 140|0x000000070a200000, 0x000000070a200000, 0x000000070a300000|  0%| F|  |TAMS 0x000000070a200000, 0x000000070a200000| Untracked 
| 141|0x000000070a300000, 0x000000070a300000, 0x000000070a400000|  0%| F|  |TAMS 0x000000070a300000, 0x000000070a300000| Untracked 
| 142|0x000000070a400000, 0x000000070a400000, 0x000000070a500000|  0%| F|  |TAMS 0x000000070a400000, 0x000000070a400000| Untracked 
| 143|0x000000070a500000, 0x000000070a500000, 0x000000070a600000|  0%| F|  |TAMS 0x000000070a500000, 0x000000070a500000| Untracked 
| 144|0x000000070a600000, 0x000000070a600000, 0x000000070a700000|  0%| F|  |TAMS 0x000000070a600000, 0x000000070a600000| Untracked 
| 145|0x000000070a700000, 0x000000070a700000, 0x000000070a800000|  0%| F|  |TAMS 0x000000070a700000, 0x000000070a700000| Untracked 
| 146|0x000000070a800000, 0x000000070a800000, 0x000000070a900000|  0%| F|  |TAMS 0x000000070a800000, 0x000000070a800000| Untracked 
| 147|0x000000070a900000, 0x000000070a900000, 0x000000070aa00000|  0%| F|  |TAMS 0x000000070a900000, 0x000000070a900000| Untracked 
| 148|0x000000070aa00000, 0x000000070aa00000, 0x000000070ab00000|  0%| F|  |TAMS 0x000000070aa00000, 0x000000070aa00000| Untracked 
| 149|0x000000070ab00000, 0x000000070ab00000, 0x000000070ac00000|  0%| F|  |TAMS 0x000000070ab00000, 0x000000070ab00000| Untracked 
| 150|0x000000070ac00000, 0x000000070ac00000, 0x000000070ad00000|  0%| F|  |TAMS 0x000000070ac00000, 0x000000070ac00000| Untracked 
| 151|0x000000070ad00000, 0x000000070ad00000, 0x000000070ae00000|  0%| F|  |TAMS 0x000000070ad00000, 0x000000070ad00000| Untracked 
| 152|0x000000070ae00000, 0x000000070ae00000, 0x000000070af00000|  0%| F|  |TAMS 0x000000070ae00000, 0x000000070ae00000| Untracked 
| 153|0x000000070af00000, 0x000000070af00000, 0x000000070b000000|  0%| F|  |TAMS 0x000000070af00000, 0x000000070af00000| Untracked 
| 154|0x000000070b000000, 0x000000070b000000, 0x000000070b100000|  0%| F|  |TAMS 0x000000070b000000, 0x000000070b000000| Untracked 
| 155|0x000000070b100000, 0x000000070b100000, 0x000000070b200000|  0%| F|  |TAMS 0x000000070b100000, 0x000000070b100000| Untracked 
| 156|0x000000070b200000, 0x000000070b200000, 0x000000070b300000|  0%| F|  |TAMS 0x000000070b200000, 0x000000070b200000| Untracked 
| 157|0x000000070b300000, 0x000000070b300000, 0x000000070b400000|  0%| F|  |TAMS 0x000000070b300000, 0x000000070b300000| Untracked 
| 158|0x000000070b400000, 0x000000070b400000, 0x000000070b500000|  0%| F|  |TAMS 0x000000070b400000, 0x000000070b400000| Untracked 
| 159|0x000000070b500000, 0x000000070b500000, 0x000000070b600000|  0%| F|  |TAMS 0x000000070b500000, 0x000000070b500000| Untracked 
| 160|0x000000070b600000, 0x000000070b600000, 0x000000070b700000|  0%| F|  |TAMS 0x000000070b600000, 0x000000070b600000| Untracked 
| 161|0x000000070b700000, 0x000000070b700000, 0x000000070b800000|  0%| F|  |TAMS 0x000000070b700000, 0x000000070b700000| Untracked 
| 162|0x000000070b800000, 0x000000070b800000, 0x000000070b900000|  0%| F|  |TAMS 0x000000070b800000, 0x000000070b800000| Untracked 
| 163|0x000000070b900000, 0x000000070b900000, 0x000000070ba00000|  0%| F|  |TAMS 0x000000070b900000, 0x000000070b900000| Untracked 
| 164|0x000000070ba00000, 0x000000070ba00000, 0x000000070bb00000|  0%| F|  |TAMS 0x000000070ba00000, 0x000000070ba00000| Untracked 
| 165|0x000000070bb00000, 0x000000070bb00000, 0x000000070bc00000|  0%| F|  |TAMS 0x000000070bb00000, 0x000000070bb00000| Untracked 
| 166|0x000000070bc00000, 0x000000070bc00000, 0x000000070bd00000|  0%| F|  |TAMS 0x000000070bc00000, 0x000000070bc00000| Untracked 
| 167|0x000000070bd00000, 0x000000070bd00000, 0x000000070be00000|  0%| F|  |TAMS 0x000000070bd00000, 0x000000070bd00000| Untracked 
| 168|0x000000070be00000, 0x000000070be00000, 0x000000070bf00000|  0%| F|  |TAMS 0x000000070be00000, 0x000000070be00000| Untracked 
| 169|0x000000070bf00000, 0x000000070bf00000, 0x000000070c000000|  0%| F|  |TAMS 0x000000070bf00000, 0x000000070bf00000| Untracked 
| 170|0x000000070c000000, 0x000000070c000000, 0x000000070c100000|  0%| F|  |TAMS 0x000000070c000000, 0x000000070c000000| Untracked 
| 171|0x000000070c100000, 0x000000070c100000, 0x000000070c200000|  0%| F|  |TAMS 0x000000070c100000, 0x000000070c100000| Untracked 
| 172|0x000000070c200000, 0x000000070c200000, 0x000000070c300000|  0%| F|  |TAMS 0x000000070c200000, 0x000000070c200000| Untracked 
| 173|0x000000070c300000, 0x000000070c300000, 0x000000070c400000|  0%| F|  |TAMS 0x000000070c300000, 0x000000070c300000| Untracked 
| 174|0x000000070c400000, 0x000000070c400000, 0x000000070c500000|  0%| F|  |TAMS 0x000000070c400000, 0x000000070c400000| Untracked 
| 175|0x000000070c500000, 0x000000070c500000, 0x000000070c600000|  0%| F|  |TAMS 0x000000070c500000, 0x000000070c500000| Untracked 
| 176|0x000000070c600000, 0x000000070c600000, 0x000000070c700000|  0%| F|  |TAMS 0x000000070c600000, 0x000000070c600000| Untracked 
| 177|0x000000070c700000, 0x000000070c700000, 0x000000070c800000|  0%| F|  |TAMS 0x000000070c700000, 0x000000070c700000| Untracked 
| 178|0x000000070c800000, 0x000000070c800000, 0x000000070c900000|  0%| F|  |TAMS 0x000000070c800000, 0x000000070c800000| Untracked 
| 179|0x000000070c900000, 0x000000070c900000, 0x000000070ca00000|  0%| F|  |TAMS 0x000000070c900000, 0x000000070c900000| Untracked 
| 180|0x000000070ca00000, 0x000000070ca00000, 0x000000070cb00000|  0%| F|  |TAMS 0x000000070ca00000, 0x000000070ca00000| Untracked 
| 181|0x000000070cb00000, 0x000000070cb00000, 0x000000070cc00000|  0%| F|  |TAMS 0x000000070cb00000, 0x000000070cb00000| Untracked 
| 182|0x000000070cc00000, 0x000000070cc00000, 0x000000070cd00000|  0%| F|  |TAMS 0x000000070cc00000, 0x000000070cc00000| Untracked 
| 183|0x000000070cd00000, 0x000000070cd00000, 0x000000070ce00000|  0%| F|  |TAMS 0x000000070cd00000, 0x000000070cd00000| Untracked 
| 184|0x000000070ce00000, 0x000000070ce00000, 0x000000070cf00000|  0%| F|  |TAMS 0x000000070ce00000, 0x000000070ce00000| Untracked 
| 185|0x000000070cf00000, 0x000000070cf00000, 0x000000070d000000|  0%| F|  |TAMS 0x000000070cf00000, 0x000000070cf00000| Untracked 
| 186|0x000000070d000000, 0x000000070d000000, 0x000000070d100000|  0%| F|  |TAMS 0x000000070d000000, 0x000000070d000000| Untracked 
| 187|0x000000070d100000, 0x000000070d100000, 0x000000070d200000|  0%| F|  |TAMS 0x000000070d100000, 0x000000070d100000| Untracked 
| 188|0x000000070d200000, 0x000000070d200000, 0x000000070d300000|  0%| F|  |TAMS 0x000000070d200000, 0x000000070d200000| Untracked 
| 189|0x000000070d300000, 0x000000070d300000, 0x000000070d400000|  0%| F|  |TAMS 0x000000070d300000, 0x000000070d300000| Untracked 
| 190|0x000000070d400000, 0x000000070d400000, 0x000000070d500000|  0%| F|  |TAMS 0x000000070d400000, 0x000000070d400000| Untracked 
| 191|0x000000070d500000, 0x000000070d500000, 0x000000070d600000|  0%| F|  |TAMS 0x000000070d500000, 0x000000070d500000| Untracked 
| 192|0x000000070d600000, 0x000000070d600000, 0x000000070d700000|  0%| F|  |TAMS 0x000000070d600000, 0x000000070d600000| Untracked 
| 193|0x000000070d700000, 0x000000070d700000, 0x000000070d800000|  0%| F|  |TAMS 0x000000070d700000, 0x000000070d700000| Untracked 
| 194|0x000000070d800000, 0x000000070d800000, 0x000000070d900000|  0%| F|  |TAMS 0x000000070d800000, 0x000000070d800000| Untracked 
| 195|0x000000070d900000, 0x000000070d900000, 0x000000070da00000|  0%| F|  |TAMS 0x000000070d900000, 0x000000070d900000| Untracked 
| 196|0x000000070da00000, 0x000000070da00000, 0x000000070db00000|  0%| F|  |TAMS 0x000000070da00000, 0x000000070da00000| Untracked 
| 197|0x000000070db00000, 0x000000070db00000, 0x000000070dc00000|  0%| F|  |TAMS 0x000000070db00000, 0x000000070db00000| Untracked 
| 198|0x000000070dc00000, 0x000000070dc00000, 0x000000070dd00000|  0%| F|  |TAMS 0x000000070dc00000, 0x000000070dc00000| Untracked 
| 199|0x000000070dd00000, 0x000000070dd00000, 0x000000070de00000|  0%| F|  |TAMS 0x000000070dd00000, 0x000000070dd00000| Untracked 
| 200|0x000000070de00000, 0x000000070de00000, 0x000000070df00000|  0%| F|  |TAMS 0x000000070de00000, 0x000000070de00000| Untracked 
| 201|0x000000070df00000, 0x000000070df00000, 0x000000070e000000|  0%| F|  |TAMS 0x000000070df00000, 0x000000070df00000| Untracked 
| 202|0x000000070e000000, 0x000000070e000000, 0x000000070e100000|  0%| F|  |TAMS 0x000000070e000000, 0x000000070e000000| Untracked 
| 203|0x000000070e100000, 0x000000070e100000, 0x000000070e200000|  0%| F|  |TAMS 0x000000070e100000, 0x000000070e100000| Untracked 
| 204|0x000000070e200000, 0x000000070e200000, 0x000000070e300000|  0%| F|  |TAMS 0x000000070e200000, 0x000000070e200000| Untracked 
| 205|0x000000070e300000, 0x000000070e300000, 0x000000070e400000|  0%| F|  |TAMS 0x000000070e300000, 0x000000070e300000| Untracked 
| 206|0x000000070e400000, 0x000000070e400000, 0x000000070e500000|  0%| F|  |TAMS 0x000000070e400000, 0x000000070e400000| Untracked 
| 207|0x000000070e500000, 0x000000070e500000, 0x000000070e600000|  0%| F|  |TAMS 0x000000070e500000, 0x000000070e500000| Untracked 
| 208|0x000000070e600000, 0x000000070e600000, 0x000000070e700000|  0%| F|  |TAMS 0x000000070e600000, 0x000000070e600000| Untracked 
| 209|0x000000070e700000, 0x000000070e700000, 0x000000070e800000|  0%| F|  |TAMS 0x000000070e700000, 0x000000070e700000| Untracked 
| 210|0x000000070e800000, 0x000000070e800000, 0x000000070e900000|  0%| F|  |TAMS 0x000000070e800000, 0x000000070e800000| Untracked 
| 211|0x000000070e900000, 0x000000070e900000, 0x000000070ea00000|  0%| F|  |TAMS 0x000000070e900000, 0x000000070e900000| Untracked 
| 212|0x000000070ea00000, 0x000000070ea00000, 0x000000070eb00000|  0%| F|  |TAMS 0x000000070ea00000, 0x000000070ea00000| Untracked 
| 213|0x000000070eb00000, 0x000000070eb00000, 0x000000070ec00000|  0%| F|  |TAMS 0x000000070eb00000, 0x000000070eb00000| Untracked 
| 214|0x000000070ec00000, 0x000000070ec00000, 0x000000070ed00000|  0%| F|  |TAMS 0x000000070ec00000, 0x000000070ec00000| Untracked 
| 215|0x000000070ed00000, 0x000000070ed00000, 0x000000070ee00000|  0%| F|  |TAMS 0x000000070ed00000, 0x000000070ed00000| Untracked 
| 216|0x000000070ee00000, 0x000000070ee00000, 0x000000070ef00000|  0%| F|  |TAMS 0x000000070ee00000, 0x000000070ee00000| Untracked 
| 217|0x000000070ef00000, 0x000000070ef00000, 0x000000070f000000|  0%| F|  |TAMS 0x000000070ef00000, 0x000000070ef00000| Untracked 
| 218|0x000000070f000000, 0x000000070f000000, 0x000000070f100000|  0%| F|  |TAMS 0x000000070f000000, 0x000000070f000000| Untracked 
| 219|0x000000070f100000, 0x000000070f100000, 0x000000070f200000|  0%| F|  |TAMS 0x000000070f100000, 0x000000070f100000| Untracked 
| 220|0x000000070f200000, 0x000000070f200000, 0x000000070f300000|  0%| F|  |TAMS 0x000000070f200000, 0x000000070f200000| Untracked 
| 221|0x000000070f300000, 0x000000070f300000, 0x000000070f400000|  0%| F|  |TAMS 0x000000070f300000, 0x000000070f300000| Untracked 
| 222|0x000000070f400000, 0x000000070f400000, 0x000000070f500000|  0%| F|  |TAMS 0x000000070f400000, 0x000000070f400000| Untracked 
| 223|0x000000070f500000, 0x000000070f500000, 0x000000070f600000|  0%| F|  |TAMS 0x000000070f500000, 0x000000070f500000| Untracked 
| 224|0x000000070f600000, 0x000000070f600000, 0x000000070f700000|  0%| F|  |TAMS 0x000000070f600000, 0x000000070f600000| Untracked 
| 225|0x000000070f700000, 0x000000070f700000, 0x000000070f800000|  0%| F|  |TAMS 0x000000070f700000, 0x000000070f700000| Untracked 
| 226|0x000000070f800000, 0x000000070f800000, 0x000000070f900000|  0%| F|  |TAMS 0x000000070f800000, 0x000000070f800000| Untracked 
| 227|0x000000070f900000, 0x000000070f900000, 0x000000070fa00000|  0%| F|  |TAMS 0x000000070f900000, 0x000000070f900000| Untracked 
| 228|0x000000070fa00000, 0x000000070fa00000, 0x000000070fb00000|  0%| F|  |TAMS 0x000000070fa00000, 0x000000070fa00000| Untracked 
| 229|0x000000070fb00000, 0x000000070fb00000, 0x000000070fc00000|  0%| F|  |TAMS 0x000000070fb00000, 0x000000070fb00000| Untracked 
| 230|0x000000070fc00000, 0x000000070fc00000, 0x000000070fd00000|  0%| F|  |TAMS 0x000000070fc00000, 0x000000070fc00000| Untracked 
| 231|0x000000070fd00000, 0x000000070fd00000, 0x000000070fe00000|  0%| F|  |TAMS 0x000000070fd00000, 0x000000070fd00000| Untracked 
| 232|0x000000070fe00000, 0x000000070fe00000, 0x000000070ff00000|  0%| F|  |TAMS 0x000000070fe00000, 0x000000070fe00000| Untracked 
| 233|0x000000070ff00000, 0x000000070ff00000, 0x0000000710000000|  0%| F|  |TAMS 0x000000070ff00000, 0x000000070ff00000| Untracked 
| 234|0x0000000710000000, 0x0000000710000000, 0x0000000710100000|  0%| F|  |TAMS 0x0000000710000000, 0x0000000710000000| Untracked 
| 235|0x0000000710100000, 0x0000000710100000, 0x0000000710200000|  0%| F|  |TAMS 0x0000000710100000, 0x0000000710100000| Untracked 
| 236|0x0000000710200000, 0x0000000710200000, 0x0000000710300000|  0%| F|  |TAMS 0x0000000710200000, 0x0000000710200000| Untracked 
| 237|0x0000000710300000, 0x0000000710300000, 0x0000000710400000|  0%| F|  |TAMS 0x0000000710300000, 0x0000000710300000| Untracked 
| 238|0x0000000710400000, 0x0000000710400000, 0x0000000710500000|  0%| F|  |TAMS 0x0000000710400000, 0x0000000710400000| Untracked 
| 239|0x0000000710500000, 0x0000000710500000, 0x0000000710600000|  0%| F|  |TAMS 0x0000000710500000, 0x0000000710500000| Untracked 
| 240|0x0000000710600000, 0x0000000710600000, 0x0000000710700000|  0%| F|  |TAMS 0x0000000710600000, 0x0000000710600000| Untracked 
| 241|0x0000000710700000, 0x00000007107f6460, 0x0000000710800000| 96%| E|  |TAMS 0x0000000710700000, 0x0000000710700000| Complete 
| 242|0x0000000710800000, 0x0000000710900000, 0x0000000710900000|100%| E|CS|TAMS 0x0000000710800000, 0x0000000710800000| Complete 
| 243|0x0000000710900000, 0x0000000710a00000, 0x0000000710a00000|100%| E|CS|TAMS 0x0000000710900000, 0x0000000710900000| Complete 
| 244|0x0000000710a00000, 0x0000000710b00000, 0x0000000710b00000|100%| E|CS|TAMS 0x0000000710a00000, 0x0000000710a00000| Complete 
| 245|0x0000000710b00000, 0x0000000710c00000, 0x0000000710c00000|100%| E|CS|TAMS 0x0000000710b00000, 0x0000000710b00000| Complete 
| 246|0x0000000710c00000, 0x0000000710d00000, 0x0000000710d00000|100%| E|  |TAMS 0x0000000710c00000, 0x0000000710c00000| Complete 
| 247|0x0000000710d00000, 0x0000000710e00000, 0x0000000710e00000|100%| E|CS|TAMS 0x0000000710d00000, 0x0000000710d00000| Complete 
| 248|0x0000000710e00000, 0x0000000710f00000, 0x0000000710f00000|100%| E|CS|TAMS 0x0000000710e00000, 0x0000000710e00000| Complete 
| 249|0x0000000710f00000, 0x0000000711000000, 0x0000000711000000|100%| E|CS|TAMS 0x0000000710f00000, 0x0000000710f00000| Complete 
| 250|0x0000000711000000, 0x0000000711100000, 0x0000000711100000|100%| E|CS|TAMS 0x0000000711000000, 0x0000000711000000| Complete 
| 251|0x0000000711100000, 0x0000000711200000, 0x0000000711200000|100%| E|CS|TAMS 0x0000000711100000, 0x0000000711100000| Complete 
| 252|0x0000000711200000, 0x0000000711300000, 0x0000000711300000|100%| E|CS|TAMS 0x0000000711200000, 0x0000000711200000| Complete 
| 253|0x0000000711300000, 0x0000000711400000, 0x0000000711400000|100%| E|CS|TAMS 0x0000000711300000, 0x0000000711300000| Complete 
| 254|0x0000000711400000, 0x0000000711500000, 0x0000000711500000|100%| E|CS|TAMS 0x0000000711400000, 0x0000000711400000| Complete 
| 255|0x0000000711500000, 0x0000000711600000, 0x0000000711600000|100%| E|CS|TAMS 0x0000000711500000, 0x0000000711500000| Complete 

Card table byte_map: [0x0000024563c00000,0x0000024564400000] _byte_map_base: 0x00000245603f5000

Marking Bits (Prev, Next): (CMBitMap*) 0x000002454b7e26b8, (CMBitMap*) 0x000002454b7e26f8
 Prev Bits: [0x0000024564c00000, 0x0000024568ba8000)
 Next Bits: [0x0000024568bb0000, 0x000002456cb58000)

Polling page: 0x00000245495c0000

Metaspace:

Usage:
  Non-class:      7.97 MB capacity,     7.75 MB ( 97%) used,   192.40 KB (  2%) free+waste,    31.69 KB ( <1%) overhead. 
      Class:      1.14 MB capacity,  1007.48 KB ( 87%) used,   137.20 KB ( 12%) free+waste,    19.31 KB (  2%) overhead. 
       Both:      9.10 MB capacity,     8.73 MB ( 96%) used,   329.60 KB (  4%) free+waste,    51.00 KB ( <1%) overhead. 

Virtual space:
  Non-class space:        8.00 MB reserved,       8.00 MB (100%) committed 
      Class space:        1.00 GB reserved,       1.25 MB ( <1%) committed 
             Both:        1.01 GB reserved,       9.25 MB ( <1%) committed 

Chunk freelists:
   Non-Class:  4.38 KB
       Class:  0 bytes
        Both:  4.38 KB

CodeHeap 'non-profiled nmethods': size=119168Kb used=350Kb max_used=350Kb free=118817Kb
 bounds [0x000002455b720000, 0x000002455b990000, 0x0000024562b80000]
CodeHeap 'profiled nmethods': size=119168Kb used=2296Kb max_used=2296Kb free=116871Kb
 bounds [0x00000245542c0000, 0x0000024554530000, 0x000002455b720000]
CodeHeap 'non-nmethods': size=7424Kb used=1801Kb max_used=2951Kb free=5622Kb
 bounds [0x0000024553b80000, 0x0000024553e70000, 0x00000245542c0000]
 total_blobs=1967 nmethods=1197 adapters=516
 compilation: enabled
              stopped_count=0, restarted_count=0
 full_count=0

Compilation events (10 events):
Event: 11.020 Thread 0x0000024570561000 nmethod 1193 0x000002455b776e90 code [0x000002455b777040, 0x000002455b777178]
Event: 11.021 Thread 0x00000245706be800 1194       3       java.nio.CharBuffer::position (8 bytes)
Event: 11.021 Thread 0x0000024570561000 1195       3       java.nio.CharBuffer::position (6 bytes)
Event: 11.021 Thread 0x00000245706be800 nmethod 1194 0x00000245544fcd90 code [0x00000245544fcf60, 0x00000245544fd130]
Event: 11.021 Thread 0x00000245706be800 1196       3       java.nio.Buffer::clear (20 bytes)
Event: 11.021 Thread 0x0000024570561000 nmethod 1195 0x00000245544fd210 code [0x00000245544fd3e0, 0x00000245544fd610]
Event: 11.021 Thread 0x00000245706be800 nmethod 1196 0x00000245544fd710 code [0x00000245544fd8c0, 0x00000245544fda58]
Event: 11.021 Thread 0x000002457055c000 nmethod 1174% 0x000002455b777210 code [0x000002455b7773c0, 0x000002455b777738]
Event: 11.328 Thread 0x0000024570561000 1197       3       java.util.concurrent.ConcurrentHashMap::sumCount (60 bytes)
Event: 11.329 Thread 0x0000024570561000 nmethod 1197 0x00000245544fdb10 code [0x00000245544fdce0, 0x00000245544fdfb8]

GC Heap History (0 events):
No events

Deoptimization events (5 events):
Event: 0.052 Thread 0x000002454b779000 Uncommon trap: reason=unstable_if action=reinterpret pc=0x000002455b724cc8 method=java.lang.String.hashCode()I @ 14 c2
Event: 0.275 Thread 0x000002454b779000 Uncommon trap: reason=unstable_if action=reinterpret pc=0x000002455b74bc48 method=java.lang.StringUTF16.compress([CI[BII)I @ 20 c2
Event: 0.275 Thread 0x000002454b779000 Uncommon trap: reason=unstable_if action=reinterpret pc=0x000002455b74ed18 method=java.util.HashMap.putVal(ILjava/lang/Object;Ljava/lang/Object;ZZ)Ljava/lang/Object; @ 181 c2
Event: 0.974 Thread 0x00000245706f4000 Uncommon trap: reason=unstable_if action=reinterpret pc=0x000002455b75cb90 method=jdk.internal.org.objectweb.asm.Frame.execute(IILjdk/internal/org/objectweb/asm/Symbol;Ljdk/internal/org/objectweb/asm/SymbolTable;)V @ 1 c2
Event: 1.000 Thread 0x00000245706f4000 Uncommon trap: reason=unstable_if action=reinterpret pc=0x000002455b76876c method=java.lang.String.startsWith(Ljava/lang/String;I)Z @ 14 c2

Classes redefined (0 events):
No events

Internal exceptions (10 events):
Event: 11.007 Thread 0x00000245706f4000 Exception <a 'java/lang/NoSuchMethodError'{0x0000000710954968}: java.lang.invoke.DirectMethodHandle$Holder.invokeStatic(Ljava/lang/Object;Ljava/lang/Object;ILjava/lang/Object;I)Ljava/lang/Object;> (0x0000000710954968) thrown at [t:/workspace/open/src/hots
Event: 11.008 Thread 0x00000245706f4000 Exception <a 'java/lang/NoSuchMethodError'{0x0000000710966478}: java.lang.invoke.DirectMethodHandle$Holder.invokeStatic(Ljava/lang/Object;Ljava/lang/Object;Ljava/lang/Object;I)Ljava/lang/Object;> (0x0000000710966478) thrown at [t:/workspace/open/src/hotsp
Event: 11.009 Thread 0x00000245706f4000 Exception <a 'java/lang/NoSuchMethodError'{0x0000000710969910}: java.lang.invoke.DirectMethodHandle$Holder.invokeSpecial(Ljava/lang/Object;Ljava/lang/Object;Ljava/lang/Object;Ljava/lang/Object;I)Ljava/lang/Object;> (0x0000000710969910) thrown at [t:/works
Event: 11.009 Thread 0x00000245706f4000 Exception <a 'java/lang/NoSuchMethodError'{0x000000071096c720}: java.lang.invoke.Invokers$Holder.linkToTargetMethod(Ljava/lang/Object;Ljava/lang/Object;ILjava/lang/Object;)Ljava/lang/Object;> (0x000000071096c720) thrown at [t:/workspace/open/src/hotspot/s
Event: 11.012 Thread 0x00000245706f4000 Exception <a 'java/lang/NoSuchMethodError'{0x000000071098d140}: java.lang.invoke.DirectMethodHandle$Holder.invokeStatic(Ljava/lang/Object;Ljava/lang/Object;Ljava/lang/Object;ILjava/lang/Object;)Ljava/lang/Object;> (0x000000071098d140) thrown at [t:/worksp
Event: 11.013 Thread 0x00000245706f4000 Exception <a 'java/lang/NoSuchMethodError'{0x0000000710992f60}: java.lang.invoke.Invokers$Holder.linkToTargetMethod(Ljava/lang/Object;Ljava/lang/Object;ILjava/lang/Object;Ljava/lang/Object;)Ljava/lang/Object;> (0x0000000710992f60) thrown at [t:/workspace/
Event: 11.013 Thread 0x000002457b4ae800 Exception <a 'java/lang/NoSuchMethodError'{0x00000007109f8ff0}: java.lang.invoke.DirectMethodHandle$Holder.newInvokeSpecial(Ljava/lang/Object;I)Ljava/lang/Object;> (0x00000007109f8ff0) thrown at [t:/workspace/open/src/hotspot/share/interpreter/linkResolve
Event: 11.014 Thread 0x00000245706f4000 Exception <a 'sun/nio/fs/WindowsException'{0x00000007109a6f68}> (0x00000007109a6f68) thrown at [t:/workspace/open/src/hotspot/share/prims/jni.cpp, line 615]
Event: 11.017 Thread 0x00000245706f4000 Exception <a 'sun/nio/fs/WindowsException'{0x00000007109bc368}> (0x00000007109bc368) thrown at [t:/workspace/open/src/hotspot/share/prims/jni.cpp, line 615]
Event: 11.018 Thread 0x00000245706f4000 Exception <a 'sun/nio/fs/WindowsException'{0x00000007109d1328}> (0x00000007109d1328) thrown at [t:/workspace/open/src/hotspot/share/prims/jni.cpp, line 615]

Events (10 events):
Event: 12.521 Thread 0x000002457b4ac800 Thread added: 0x000002457b4ac800
Event: 12.521 Thread 0x000002457b4ae800 Thread exited: 0x000002457b4ae800
Event: 12.521 Executing VM operation: RevokeBias
Event: 12.521 Executing VM operation: RevokeBias done
Event: 12.521 Thread 0x000002457b4b1800 Thread exited: 0x000002457b4b1800
Event: 12.537 Executing VM operation: RevokeBias
Event: 12.537 Executing VM operation: RevokeBias done
Event: 12.537 Thread 0x00000245706ef800 Thread exited: 0x00000245706ef800
Event: 12.622 Thread 0x000002457b4ac800 Thread exited: 0x000002457b4ac800
Event: 12.623 Executing VM operation: Exit


Dynamic libraries:
0x00007ff61ee00000 - 0x00007ff61ee0f000 	C:\Program Files\Java\jdk-12.0.2\bin\java.exe
0x00007ffe06040000 - 0x00007ffe06230000 	C:\WINDOWS\SYSTEM32\ntdll.dll
0x00007ffe05ad0000 - 0x00007ffe05b82000 	C:\WINDOWS\System32\KERNEL32.DLL
0x00007ffe03e40000 - 0x00007ffe040e3000 	C:\WINDOWS\System32\KERNELBASE.dll
0x00007ffe038d0000 - 0x00007ffe039ca000 	C:\WINDOWS\System32\ucrtbase.dll
0x00007ffde9fb0000 - 0x00007ffde9fc6000 	C:\Program Files\Java\jdk-12.0.2\bin\VCRUNTIME140.dll
0x00007ffde9fd0000 - 0x00007ffde9fe8000 	C:\Program Files\Java\jdk-12.0.2\bin\jli.dll
0x00007ffe04970000 - 0x00007ffe04a13000 	C:\WINDOWS\System32\ADVAPI32.dll
0x00007ffe048a0000 - 0x00007ffe0493e000 	C:\WINDOWS\System32\msvcrt.dll
0x00007ffe04bd0000 - 0x00007ffe04c67000 	C:\WINDOWS\System32\sechost.dll
0x00007ffe050a0000 - 0x00007ffe051c0000 	C:\WINDOWS\System32\RPCRT4.dll
0x00007ffe051c0000 - 0x00007ffe05353000 	C:\WINDOWS\System32\USER32.dll
0x00007ffe03750000 - 0x00007ffe03771000 	C:\WINDOWS\System32\win32u.dll
0x00007ffdee650000 - 0x00007ffdee8d5000 	C:\WINDOWS\WinSxS\amd64_microsoft.windows.common-controls_6595b64144ccf1df_6.0.18362.356_none_e6c4af7d130f27cc\COMCTL32.dll
0x00007ffe040f0000 - 0x00007ffe04116000 	C:\WINDOWS\System32\GDI32.dll
0x00007ffe03b40000 - 0x00007ffe03cd4000 	C:\WINDOWS\System32\gdi32full.dll
0x00007ffe04320000 - 0x00007ffe04656000 	C:\WINDOWS\System32\combase.dll
0x00007ffe037b0000 - 0x00007ffe0384e000 	C:\WINDOWS\System32\msvcp_win.dll
0x00007ffe03850000 - 0x00007ffe038d0000 	C:\WINDOWS\System32\bcryptPrimitives.dll
0x00007ffdfe370000 - 0x00007ffdfe37a000 	C:\WINDOWS\SYSTEM32\VERSION.dll
0x00007ffe04940000 - 0x00007ffe0496e000 	C:\WINDOWS\System32\IMM32.DLL
0x00007ffdd69b0000 - 0x00007ffdd6a5a000 	C:\Program Files\Java\jdk-12.0.2\bin\msvcp140.dll
0x00007ffda6ac0000 - 0x00007ffda7637000 	C:\Program Files\Java\jdk-12.0.2\bin\server\jvm.dll
0x00007ffe04c70000 - 0x00007ffe04c78000 	C:\WINDOWS\System32\PSAPI.DLL
0x00007ffdffec0000 - 0x00007ffdffec9000 	C:\WINDOWS\SYSTEM32\WSOCK32.dll
0x00007ffdfbc70000 - 0x00007ffdfbc94000 	C:\WINDOWS\SYSTEM32\WINMM.dll
0x00007ffe05360000 - 0x00007ffe053cf000 	C:\WINDOWS\System32\WS2_32.dll
0x00007ffdfbc40000 - 0x00007ffdfbc6d000 	C:\WINDOWS\SYSTEM32\winmmbase.dll
0x00007ffe03d90000 - 0x00007ffe03dda000 	C:\WINDOWS\System32\cfgmgr32.dll
0x00007ffe02f40000 - 0x00007ffe02f51000 	C:\WINDOWS\System32\kernel.appcore.dll
0x00007ffde8d10000 - 0x00007ffde8d21000 	C:\Program Files\Java\jdk-12.0.2\bin\verify.dll
0x00007ffdfb9b0000 - 0x00007ffdfbba4000 	C:\WINDOWS\SYSTEM32\DBGHELP.DLL
0x00007ffdfb980000 - 0x00007ffdfb9aa000 	C:\WINDOWS\SYSTEM32\dbgcore.DLL
0x00007ffde7840000 - 0x00007ffde7866000 	C:\Program Files\Java\jdk-12.0.2\bin\java.dll
0x00007ffde8cf0000 - 0x00007ffde8d07000 	C:\Program Files\Java\jdk-12.0.2\bin\zip.dll
0x00007ffde9fa0000 - 0x00007ffde9faa000 	C:\Program Files\Java\jdk-12.0.2\bin\jimage.dll
0x00007ffe053d0000 - 0x00007ffe05ab5000 	C:\WINDOWS\System32\SHELL32.dll
0x00007ffe04120000 - 0x00007ffe041c9000 	C:\WINDOWS\System32\shcore.dll
0x00007ffe02fd0000 - 0x00007ffe0374e000 	C:\WINDOWS\System32\windows.storage.dll
0x00007ffe02f20000 - 0x00007ffe02f3f000 	C:\WINDOWS\System32\profapi.dll
0x00007ffe02f80000 - 0x00007ffe02fca000 	C:\WINDOWS\System32\powrprof.dll
0x00007ffe02f10000 - 0x00007ffe02f20000 	C:\WINDOWS\System32\UMPDC.dll
0x00007ffe04250000 - 0x00007ffe042a2000 	C:\WINDOWS\System32\shlwapi.dll
0x00007ffe039d0000 - 0x00007ffe039e7000 	C:\WINDOWS\System32\cryptsp.dll
0x00007ffde7320000 - 0x00007ffde7339000 	C:\Program Files\Java\jdk-12.0.2\bin\net.dll
0x00007ffdfacc0000 - 0x00007ffdfadb0000 	C:\WINDOWS\SYSTEM32\WINHTTP.dll
0x00007ffdee380000 - 0x00007ffdee556000 	C:\WINDOWS\SYSTEM32\urlmon.dll
0x00007ffdefff0000 - 0x00007ffdf0296000 	C:\WINDOWS\SYSTEM32\iertutil.dll
0x00007ffe02950000 - 0x00007ffe0295c000 	C:\WINDOWS\SYSTEM32\CRYPTBASE.DLL
0x00007ffe02780000 - 0x00007ffe027e7000 	C:\WINDOWS\system32\mswsock.dll
0x00007ffde7300000 - 0x00007ffde7313000 	C:\Program Files\Java\jdk-12.0.2\bin\nio.dll
0x00007ffda7960000 - 0x00007ffda7aff000 	C:\Program Files\Java\jdk-12.0.2\bin\awt.dll
0x00007ffe04da0000 - 0x00007ffe04e64000 	C:\WINDOWS\System32\OLEAUT32.dll
0x00007ffe00000000 - 0x00007ffe005c0000 	C:\WINDOWS\SYSTEM32\d2d1.dll
0x00007ffe01410000 - 0x00007ffe0149f000 	C:\WINDOWS\SYSTEM32\apphelp.dll
0x00007ffe018c0000 - 0x00007ffe018ed000 	C:\WINDOWS\system32\DWMAPI.DLL
0x00007ffe017f0000 - 0x00007ffe01889000 	C:\WINDOWS\system32\uxtheme.dll
0x00007ffde8320000 - 0x00007ffde8476000 	C:\WINDOWS\system32\opengl32.dll
0x00007ffde8bd0000 - 0x00007ffde8bfc000 	C:\WINDOWS\SYSTEM32\GLU32.dll
0x00007ffe01b80000 - 0x00007ffe01ba0000 	C:\WINDOWS\SYSTEM32\dxcore.dll
0x00007ffe046e0000 - 0x00007ffe04815000 	C:\WINDOWS\System32\MSCTF.dll
0x00007ffe04f40000 - 0x00007ffe05096000 	C:\WINDOWS\System32\ole32.dll
0x00007ffe039f0000 - 0x00007ffe03b39000 	C:\WINDOWS\System32\crypt32.dll
0x00007ffe02f60000 - 0x00007ffe02f72000 	C:\WINDOWS\System32\MSASN1.dll
0x00007ffe03de0000 - 0x00007ffe03e3c000 	C:\WINDOWS\System32\WINTRUST.DLL
0x00007ffe04230000 - 0x00007ffe0424d000 	C:\WINDOWS\System32\imagehlp.dll
0x00007ffe022f0000 - 0x00007ffe02323000 	C:\WINDOWS\system32\rsaenh.dll
0x00007ffe03780000 - 0x00007ffe037a6000 	C:\WINDOWS\System32\bcrypt.dll
0x00007ffdd6ba0000 - 0x00007ffdd6e61000 	C:\WINDOWS\system32\nvspcap64.dll
0x00007ffe02080000 - 0x00007ffe020b1000 	C:\WINDOWS\SYSTEM32\ntmarta.dll
0x00007ffe01b30000 - 0x00007ffe01b52000 	C:\WINDOWS\SYSTEM32\gpapi.dll
0x00007ffdf2250000 - 0x00007ffdf227f000 	C:\WINDOWS\SYSTEM32\cryptnet.dll
0x00007ffdd6930000 - 0x00007ffdd69b0000 	C:\Program Files\Java\jdk-12.0.2\bin\freetype.dll
0x00007ffdd6880000 - 0x00007ffdd692b000 	C:\Program Files\Java\jdk-12.0.2\bin\fontmanager.dll
0x00007ffdf1e70000 - 0x00007ffdf1f0e000 	C:\WINDOWS\System32\TextInputFramework.dll
0x00007ffdff740000 - 0x00007ffdffa6a000 	C:\WINDOWS\System32\CoreUIComponents.dll
0x00007ffe011d0000 - 0x00007ffe012a4000 	C:\WINDOWS\System32\CoreMessaging.dll
0x00007ffdff5e0000 - 0x00007ffdff733000 	C:\WINDOWS\SYSTEM32\wintypes.dll
0x00007ffe02e30000 - 0x00007ffe02e55000 	C:\WINDOWS\SYSTEM32\USERENV.dll
0x00007ffe02490000 - 0x00007ffe024ca000 	C:\WINDOWS\SYSTEM32\IPHLPAPI.DLL
0x00007ffe042b0000 - 0x00007ffe042b8000 	C:\WINDOWS\System32\NSI.dll
0x00007ffdf7d90000 - 0x00007ffdf7da6000 	C:\WINDOWS\SYSTEM32\dhcpcsvc6.DLL
0x00007ffdf7d70000 - 0x00007ffdf7d8c000 	C:\WINDOWS\SYSTEM32\dhcpcsvc.DLL
0x00007ffe024d0000 - 0x00007ffe0259a000 	C:\WINDOWS\SYSTEM32\DNSAPI.dll
0x00007ffdd2cc0000 - 0x00007ffdd2d02000 	C:\Users\Harrison Paxton\AppData\Local\Temp\jna-1682353194\jna5014244146281525562.dll
0x00007ffdd6ae0000 - 0x00007ffdd6b07000 	C:\Users\Harrison Paxton\Desktop\rlbot stuff\RLBotJavaExample-master\build\dll\RLBot_Core_Interface.dll

dbghelp: loaded successfully - version: 4.0.5 - missing functions: none
symbol engine: initialized successfully - sym options: 0x614 - pdb path: .;C:\Program Files\Java\jdk-12.0.2\bin;C:\WINDOWS\SYSTEM32;C:\WINDOWS\WinSxS\amd64_microsoft.windows.common-controls_6595b64144ccf1df_6.0.18362.356_none_e6c4af7d130f27cc;C:\Program Files\Java\jdk-12.0.2\bin\server;C:\WINDOWS\System32\DriverStore\FileRepository\nv_dispi.inf_amd64_9f1b2c8a203d6fe0;C:\Users\Harrison Paxton\AppData\Local\Temp\jna-1682353194;C:\Users\Harrison Paxton\Desktop\rlbot stuff\RLBotJavaExample-master\build\dll

VM Arguments:
jvm_args: -Dfile.encoding=windows-1252 -Duser.country=US -Duser.language=en -Duser.variant 
java_command: rlbotexample.JavaExample
java_class_path (initial): C:\Users\Harrison Paxton\Desktop\rlbot stuff\RLBotJavaExample-master\build\classes\java\main;C:\Users\Harrison Paxton\Desktop\rlbot stuff\RLBotJavaExample-master\build\resources\main;C:\Users\Harrison Paxton\Desktop\rlbot stuff\RLBotJavaExample-master\build\dll;C:\Users\Harrison Paxton\.gradle\caches\modules-2\files-2.1\org.rlbot.commons\framework\1.9.0\3235d8bda708656ae9c42ba3dbc6b0731f6c368\framework-1.9.0.jar;C:\Users\Harrison Paxton\.gradle\caches\modules-2\files-2.1\net.java.dev.jna\jna-platform\4.5.1\117d52c9f672d8b7ea80a81464c33ef843de9254\jna-platform-4.5.1.jar;C:\Users\Harrison Paxton\.gradle\caches\modules-2\files-2.1\net.java.dev.jna\jna\4.5.1\65bd0cacc9c79a21c6ed8e9f588577cd3c2f85b9\jna-4.5.1.jar;C:\Users\Harrison Paxton\.gradle\caches\modules-2\files-2.1\net.sf.py4j\py4j\0.10.6\2204994fdaa4ba9c9e6f35fa3c700df454954cdf\py4j-0.10.6.jar;C:\Users\Harrison Paxton\.gradle\caches\modules-2\files-2.1\com.github.davidmoten\flatbuffers-java\1.9.0.1\eaa1b27095bb5127879458bc2ee1b78e00d4a20\flatbuffers-java-1.9.0.1.jar
Launcher Type: SUN_STANDARD

[Global flags]
     intx CICompilerCount                          = 12                                        {product} {ergonomic}
     uint ConcGCThreads                            = 3                                         {product} {ergonomic}
     uint G1ConcRefinementThreads                  = 13                                        {product} {ergonomic}
   size_t G1HeapRegionSize                         = 1048576                                   {product} {ergonomic}
    uintx GCDrainStackTargetSize                   = 64                                        {product} {ergonomic}
   size_t InitialHeapSize                          = 268435456                                 {product} {ergonomic}
   size_t MarkStackSize                            = 4194304                                   {product} {ergonomic}
   size_t MaxHeapSize                              = 4271898624                                {product} {ergonomic}
   size_t MaxNewSize                               = 2562719744                                {product} {ergonomic}
   size_t MinHeapDeltaBytes                        = 1048576                                   {product} {ergonomic}
    uintx NonNMethodCodeHeapSize                   = 7594288                                {pd product} {ergonomic}
    uintx NonProfiledCodeHeapSize                  = 122031976                              {pd product} {ergonomic}
    uintx ProfiledCodeHeapSize                     = 122031976                              {pd product} {ergonomic}
    uintx ReservedCodeCacheSize                    = 251658240                              {pd product} {ergonomic}
     bool SegmentedCodeCache                       = true                                      {product} {ergonomic}
     bool UseCompressedClassPointers               = true                                 {lp64_product} {ergonomic}
     bool UseCompressedOops                        = true                                 {lp64_product} {ergonomic}
     bool UseG1GC                                  = true                                      {product} {ergonomic}
     bool UseLargePagesIndividualAllocation        = false                                  {pd product} {ergonomic}

Logging:
Log output configuration:
 #0: stdout all=warning uptime,level,tags
 #1: stderr all=off uptime,level,tags

Environment Variables:
JAVA_HOME=C:\Program Files\Java\jdk-12.0.2
PATH=C:\Windows\system32;C:\Windows;C:\Windows\System32\Wbem;C:\Windows\System32\WindowsPowerShell\v1.0\;C:\Windows\System32\OpenSSH\;C:\Program Files\NVIDIA Corporation\NVIDIA NvDLISR;C:\Program Files (x86)\NVIDIA Corporation\PhysX\Common;C:\WINDOWS\system32;C:\WINDOWS;C:\WINDOWS\System32\Wbem;C:\WINDOWS\System32\WindowsPowerShell\v1.0\;C:\WINDOWS\System32\OpenSSH\;C:\Program Files\Java\jdk-12.0.2\bin;C:\Users\Harrison Paxton\AppData\Local\Programs\Python\Python37\Scripts\;C:\Users\Harrison Paxton\AppData\Local\Programs\Python\Python37\;C:\Users\Harrison Paxton\AppData\Local\Microsoft\WindowsApps;
USERNAME=Harrison Paxton
OS=Windows_NT
PROCESSOR_IDENTIFIER=AMD64 Family 23 Model 113 Stepping 0, AuthenticAMD



---------------  S Y S T E M  ---------------

OS: Windows 10 , 64 bit Build 18362 (10.0.18362.329)

CPU:total 16 (initial active 16) (16 cores per cpu, 2 threads per core) family 23 model 113 stepping 0, cmov, cx8, fxsr, mmx, sse, sse2, sse3, ssse3, sse4.1, sse4.2, popcnt, avx, avx2, aes, clmul, mmxext, 3dnowpref, lzcnt, sse4a, ht, tsc, tscinvbit, tscinv, bmi1, bmi2, adx, sha, fma

Memory: 4k page, system-wide physical 16293M (8925M free)
TotalPageFile size 19237M (AvailPageFile size 7309M)
current process WorkingSet (physical memory assigned to process): 74M, peak: 91M
current process commit charge ("private bytes"): 373M, peak: 389M

vm_info: Java HotSpot(TM) 64-Bit Server VM (12.0.2+10) for windows-amd64 JRE (12.0.2+10), built on Jul 16 2019 01:56:17 by "mach5one" with MS VC++ 15.5 (VS2017)

END.
